<?xml version="1.0" encoding="UTF-8"?>
<!-- Generated by org.testng.reporters.JUnitReportReporter -->
<testsuite skipped="0" hostname="ip-172-31-16-182" name="testcases.LoginTest" tests="1" failures="0" timestamp="2023-02-13T16:50:04 UTC" time="8.110" errors="0">
  <testcase name="login" time="8.110" classname="testcases.LoginTest"/>
  <system-out/>
</testsuite> <!-- testcases.LoginTest -->
