<?xml version="1.0" encoding="UTF-8"?>
<!-- Generated by org.testng.reporters.JUnitReportReporter -->
<testsuite skipped="0" hostname="ip-172-31-16-182" name="testcases.CheckoutTest" tests="1" failures="0" timestamp="2023-02-16T09:16:50 UTC" time="13.448" errors="0">
  <testcase name="Paymentpg" time="13.448" classname="testcases.CheckoutTest"/>
  <system-out/>
</testsuite> <!-- testcases.CheckoutTest -->
