<?xml version="1.0" encoding="UTF-8"?>
<!-- Generated by org.testng.reporters.JUnitReportReporter -->
<testsuite skipped="0" hostname="ip-172-31-16-182" name="testcases.LoginTest" tests="1" failures="0" timestamp="2023-02-16T09:16:50 UTC" time="9.182" errors="0">
  <testcase name="login" time="9.182" classname="testcases.LoginTest"/>
  <system-out/>
</testsuite> <!-- testcases.LoginTest -->
